10:01:15.510 INFO - Launching a standalone Selenium Server
10:01:15.540 INFO - Java: Oracle Corporation 25.71-b15
10:01:15.540 INFO - OS: Mac OS X 10.11.6 x86_64
10:01:15.549 INFO - v2.53.0, with Core v2.53.0. Built from revision 35ae25b
10:01:15.606 INFO - Driver provider org.openqa.selenium.ie.InternetExplorerDriver registration is skipped:
registration capabilities Capabilities [{ensureCleanSession=true, browserName=internet explorer, version=, platform=WINDOWS}] does not match the current platform MAC
10:01:15.606 INFO - Driver provider org.openqa.selenium.edge.EdgeDriver registration is skipped:
registration capabilities Capabilities [{browserName=MicrosoftEdge, version=, platform=WINDOWS}] does not match the current platform MAC
10:01:15.606 INFO - Driver class not found: com.opera.core.systems.OperaDriver
10:01:15.607 INFO - Driver provider com.opera.core.systems.OperaDriver is not registered
10:01:15.608 INFO - Driver class not found: org.openqa.selenium.htmlunit.HtmlUnitDriver
10:01:15.608 INFO - Driver provider org.openqa.selenium.htmlunit.HtmlUnitDriver is not registered
10:01:15.660 INFO - RemoteWebDriver instances should connect to: http://127.0.0.1:4444/wd/hub
10:01:15.660 INFO - Selenium Server is up and running
10:01:15.993 INFO - Executing: [new session: Capabilities [{acceptSslCerts=true, browserName=chrome, javascriptEnabled=true, platform=ANY}]])
10:01:16.002 INFO - Creating a new session for Capabilities [{acceptSslCerts=true, browserName=chrome, javascriptEnabled=true, platform=ANY}]
Starting ChromeDriver 2.24.417412 (ac882d3ce7c0d99292439bf3405780058fcca0a6) on port 20458
Only local connections are allowed.
10:01:17.104 INFO - Done: [new session: Capabilities [{acceptSslCerts=true, browserName=chrome, javascriptEnabled=true, platform=ANY}]]
10:01:17.119 INFO - Executing: [get: http://localhost:3000])
10:01:18.484 INFO - Done: [get: http://localhost:3000]
10:01:18.493 INFO - Executing: [find elements: By.cssSelector: body])
10:01:18.537 INFO - Done: [find elements: By.cssSelector: body]
10:01:18.542 INFO - Executing: [is displayed: 0 [[ChromeDriver: chrome on MAC (11aa95b9da53e874559616cc21975ca5)] -> css selector: body]])
10:01:18.564 INFO - Done: [is displayed: 0 [[ChromeDriver: chrome on MAC (11aa95b9da53e874559616cc21975ca5)] -> css selector: body]]
10:01:18.574 INFO - Executing: [get title])
10:01:18.579 INFO - Done: [get title]
10:01:18.583 INFO - Executing: [delete session: 49ba5f6c-a05c-48c8-98bf-b833af7f89e8])
10:01:18.655 INFO - Done: [delete session: 49ba5f6c-a05c-48c8-98bf-b833af7f89e8]
10:01:18.661 INFO - Executing: [new session: Capabilities [{acceptSslCerts=true, browserName=chrome, javascriptEnabled=true, platform=ANY}]])
10:01:18.662 INFO - Creating a new session for Capabilities [{acceptSslCerts=true, browserName=chrome, javascriptEnabled=true, platform=ANY}]
Starting ChromeDriver 2.24.417412 (ac882d3ce7c0d99292439bf3405780058fcca0a6) on port 13719
Only local connections are allowed.
10:01:19.403 INFO - Done: [new session: Capabilities [{acceptSslCerts=true, browserName=chrome, javascriptEnabled=true, platform=ANY}]]
10:01:19.406 INFO - Executing: [delete session: b4b4cadd-b86c-4437-8fb8-c307994da787])
10:01:19.532 INFO - Done: [delete session: b4b4cadd-b86c-4437-8fb8-c307994da787]
