16:14:27.853 INFO - Launching a standalone Selenium Server
16:14:27.882 INFO - Java: Oracle Corporation 25.71-b15
16:14:27.882 INFO - OS: Mac OS X 10.11.6 x86_64
16:14:27.891 INFO - v2.53.0, with Core v2.53.0. Built from revision 35ae25b
16:14:27.948 INFO - Driver provider org.openqa.selenium.ie.InternetExplorerDriver registration is skipped:
registration capabilities Capabilities [{ensureCleanSession=true, browserName=internet explorer, version=, platform=WINDOWS}] does not match the current platform MAC
16:14:27.949 INFO - Driver provider org.openqa.selenium.edge.EdgeDriver registration is skipped:
registration capabilities Capabilities [{browserName=MicrosoftEdge, version=, platform=WINDOWS}] does not match the current platform MAC
16:14:27.949 INFO - Driver class not found: com.opera.core.systems.OperaDriver
16:14:27.949 INFO - Driver provider com.opera.core.systems.OperaDriver is not registered
16:14:27.950 INFO - Driver class not found: org.openqa.selenium.htmlunit.HtmlUnitDriver
16:14:27.950 INFO - Driver provider org.openqa.selenium.htmlunit.HtmlUnitDriver is not registered
16:14:28.006 INFO - RemoteWebDriver instances should connect to: http://127.0.0.1:4444/wd/hub
16:14:28.006 INFO - Selenium Server is up and running
16:14:28.280 INFO - Executing: [new session: Capabilities [{acceptSslCerts=true, browserName=chrome, javascriptEnabled=true, platform=ANY}]])
16:14:28.289 INFO - Creating a new session for Capabilities [{acceptSslCerts=true, browserName=chrome, javascriptEnabled=true, platform=ANY}]
Starting ChromeDriver 2.24.417412 (ac882d3ce7c0d99292439bf3405780058fcca0a6) on port 46292
Only local connections are allowed.
16:14:29.549 INFO - Done: [new session: Capabilities [{acceptSslCerts=true, browserName=chrome, javascriptEnabled=true, platform=ANY}]]
16:14:29.563 INFO - Executing: [get: http://localhost:9002])
16:14:30.282 INFO - Done: [get: http://localhost:9002]
16:14:30.294 INFO - Executing: [find elements: By.cssSelector: body])
16:14:30.329 INFO - Done: [find elements: By.cssSelector: body]
16:14:30.335 INFO - Executing: [is displayed: 0 [[ChromeDriver: chrome on MAC (80ba5e51615a41a8159246798bcbbe08)] -> css selector: body]])
16:14:30.353 INFO - Done: [is displayed: 0 [[ChromeDriver: chrome on MAC (80ba5e51615a41a8159246798bcbbe08)] -> css selector: body]]
16:14:30.359 INFO - Executing: [get title])
16:14:30.364 INFO - Done: [get title]
16:14:30.368 INFO - Executing: [delete session: 517d223d-07b1-4ba9-90e5-044f0aee77ad])
16:14:30.442 INFO - Done: [delete session: 517d223d-07b1-4ba9-90e5-044f0aee77ad]
16:14:30.450 INFO - Executing: [new session: Capabilities [{acceptSslCerts=true, browserName=chrome, javascriptEnabled=true, platform=ANY}]])
16:14:30.451 INFO - Creating a new session for Capabilities [{acceptSslCerts=true, browserName=chrome, javascriptEnabled=true, platform=ANY}]
Starting ChromeDriver 2.24.417412 (ac882d3ce7c0d99292439bf3405780058fcca0a6) on port 31482
Only local connections are allowed.
16:14:31.460 INFO - Done: [new session: Capabilities [{acceptSslCerts=true, browserName=chrome, javascriptEnabled=true, platform=ANY}]]
16:14:31.465 INFO - Executing: [get: http://localhost:9002])
16:14:32.140 INFO - Done: [get: http://localhost:9002]
16:14:32.148 INFO - Executing: [find elements: By.cssSelector: body])
16:14:32.167 INFO - Done: [find elements: By.cssSelector: body]
16:14:32.171 INFO - Executing: [is displayed: 0 [[ChromeDriver: chrome on MAC (e5f49523a2ba17e50de5899062743550)] -> css selector: body]])
16:14:32.185 INFO - Done: [is displayed: 0 [[ChromeDriver: chrome on MAC (e5f49523a2ba17e50de5899062743550)] -> css selector: body]]
16:14:32.191 INFO - Executing: [find element: By.cssSelector: .btn])
16:14:32.208 INFO - Done: [find element: By.cssSelector: .btn]
16:14:32.211 INFO - Executing: [click: 1 [[ChromeDriver: chrome on MAC (e5f49523a2ba17e50de5899062743550)] -> css selector: .btn]])
16:14:33.015 INFO - Done: [click: 1 [[ChromeDriver: chrome on MAC (e5f49523a2ba17e50de5899062743550)] -> css selector: .btn]]
16:14:33.019 INFO - Executing: [get title])
16:14:33.024 INFO - Done: [get title]
16:14:33.029 INFO - Executing: [delete session: ee0a4ca6-a24a-4b6e-ad63-a45982626b95])
16:14:33.100 INFO - Done: [delete session: ee0a4ca6-a24a-4b6e-ad63-a45982626b95]
16:14:33.106 INFO - Executing: [new session: Capabilities [{acceptSslCerts=true, browserName=chrome, javascriptEnabled=true, platform=ANY}]])
16:14:33.107 INFO - Creating a new session for Capabilities [{acceptSslCerts=true, browserName=chrome, javascriptEnabled=true, platform=ANY}]
Starting ChromeDriver 2.24.417412 (ac882d3ce7c0d99292439bf3405780058fcca0a6) on port 2819
Only local connections are allowed.
16:14:34.115 INFO - Done: [new session: Capabilities [{acceptSslCerts=true, browserName=chrome, javascriptEnabled=true, platform=ANY}]]
16:14:34.119 INFO - Executing: [get: http://localhost:9002])
16:14:34.886 INFO - Done: [get: http://localhost:9002]
16:14:34.897 INFO - Executing: [find elements: By.cssSelector: body])
16:14:34.916 INFO - Done: [find elements: By.cssSelector: body]
16:14:34.920 INFO - Executing: [is displayed: 0 [[ChromeDriver: chrome on MAC (1fd6f3738a0307e9699a4b49017203e0)] -> css selector: body]])
16:14:34.936 INFO - Done: [is displayed: 0 [[ChromeDriver: chrome on MAC (1fd6f3738a0307e9699a4b49017203e0)] -> css selector: body]]
16:14:34.939 INFO - Executing: [find element: By.cssSelector: .btn])
16:14:34.955 INFO - Done: [find element: By.cssSelector: .btn]
16:14:34.957 INFO - Executing: [click: 1 [[ChromeDriver: chrome on MAC (1fd6f3738a0307e9699a4b49017203e0)] -> css selector: .btn]])
16:14:35.748 INFO - Done: [click: 1 [[ChromeDriver: chrome on MAC (1fd6f3738a0307e9699a4b49017203e0)] -> css selector: .btn]]
16:14:36.754 INFO - Executing: [find element: By.cssSelector: input[name="session_key"]])
16:14:36.770 INFO - Done: [find element: By.cssSelector: input[name="session_key"]]
16:14:36.775 INFO - Executing: [send keys: 2 [[ChromeDriver: chrome on MAC (1fd6f3738a0307e9699a4b49017203e0)] -> css selector: input[name="session_key"]], [c, h, r, i, s, ., j, ., s, t, e, v, e, n, s, o, n, @, g, m, a, i, l, ., c, o, m]])
16:14:36.860 INFO - Done: [send keys: 2 [[ChromeDriver: chrome on MAC (1fd6f3738a0307e9699a4b49017203e0)] -> css selector: input[name="session_key"]], [c, h, r, i, s, ., j, ., s, t, e, v, e, n, s, o, n, @, g, m, a, i, l, ., c, o, m]]
16:14:36.864 INFO - Executing: [find element: By.cssSelector: input[name="session_password"])
16:14:36.881 INFO - Done: [find element: By.cssSelector: input[name="session_password"]
16:14:36.886 INFO - Executing: [send keys: 3 [[ChromeDriver: chrome on MAC (1fd6f3738a0307e9699a4b49017203e0)] -> css selector: input[name="session_password"], [H, o, k, i, e, s, 0, 5]])
16:14:36.925 INFO - Done: [send keys: 3 [[ChromeDriver: chrome on MAC (1fd6f3738a0307e9699a4b49017203e0)] -> css selector: input[name="session_password"], [H, o, k, i, e, s, 0, 5]]
16:14:36.928 INFO - Executing: [find element: By.cssSelector: input[name="authorize"]])
16:14:36.945 INFO - Done: [find element: By.cssSelector: input[name="authorize"]]
16:14:36.948 INFO - Executing: [click: 4 [[ChromeDriver: chrome on MAC (1fd6f3738a0307e9699a4b49017203e0)] -> css selector: input[name="authorize"]]])
16:14:38.313 INFO - Done: [click: 4 [[ChromeDriver: chrome on MAC (1fd6f3738a0307e9699a4b49017203e0)] -> css selector: input[name="authorize"]]]
16:14:40.322 INFO - Executing: [find element: By.cssSelector: h1])
16:14:40.340 INFO - Done: [find element: By.cssSelector: h1]
16:14:40.343 INFO - Executing: [get text: 5 [[ChromeDriver: chrome on MAC (1fd6f3738a0307e9699a4b49017203e0)] -> css selector: h1]])
16:14:40.362 INFO - Done: [get text: 5 [[ChromeDriver: chrome on MAC (1fd6f3738a0307e9699a4b49017203e0)] -> css selector: h1]]
16:14:40.365 INFO - Executing: [delete session: 40e53fea-883e-42b7-b9a2-7fb1d9f549ff])
16:14:40.437 INFO - Done: [delete session: 40e53fea-883e-42b7-b9a2-7fb1d9f549ff]
16:14:40.442 INFO - Executing: [new session: Capabilities [{acceptSslCerts=true, browserName=chrome, javascriptEnabled=true, platform=ANY}]])
16:14:40.452 INFO - Creating a new session for Capabilities [{acceptSslCerts=true, browserName=chrome, javascriptEnabled=true, platform=ANY}]
Starting ChromeDriver 2.24.417412 (ac882d3ce7c0d99292439bf3405780058fcca0a6) on port 23890
Only local connections are allowed.
16:14:41.445 INFO - Done: [new session: Capabilities [{acceptSslCerts=true, browserName=chrome, javascriptEnabled=true, platform=ANY}]]
16:14:41.450 INFO - Executing: [delete session: f0d830f4-47ea-4db1-94a9-aab68547e407])
16:14:43.560 INFO - Command failed to close cleanly. Destroying forcefully (v2). [/Users/a1021420/Dropbox/Projects/bargainbetter/e2e/bin/chromedriver, --port=23890][ {}]
16:14:43.562 INFO - Done: [delete session: f0d830f4-47ea-4db1-94a9-aab68547e407]
